<?xml version="1.0" encoding="UTF-8"?>
<!-- Generated by org.testng.reporters.JUnitReportReporter -->
<testsuite hostname="DESKTOP-8K3BVFP" failures="0" tests="5" name="api.tests.UserModuleUtilityTestCase" time="0.270" errors="0" timestamp="2024-12-16T13:03:41 IST" skipped="0">
  <testcase classname="api.tests.UserModuleUtilityTestCase" name="TC_01" time="0.005"/>
  <testcase classname="api.tests.UserModuleUtilityTestCase" name="TC_01" time="0.006"/>
  <testcase classname="api.tests.UserModuleUtilityTestCase" name="TC_01" time="0.251"/>
  <testcase classname="api.tests.UserModuleUtilityTestCase" name="TC_01" time="0.005"/>
  <testcase classname="api.tests.UserModuleUtilityTestCase" name="TC_01" time="0.003"/>
</testsuite> <!-- api.tests.UserModuleUtilityTestCase -->
