<?xml version="1.0" encoding="UTF-8"?>
<!-- Generated by org.testng.reporters.JUnitReportReporter -->
<testsuite hostname="DESKTOP-8K3BVFP" failures="0" tests="1" name="api.endpoints.Routes" time="0.010" errors="0" timestamp="2024-12-18T09:48:28 IST" skipped="0">
  <testcase classname="api.endpoints.Routes" name="show" time="0.010"/>
</testsuite> <!-- api.endpoints.Routes -->
