<?xml version="1.0" encoding="UTF-8"?>
<!-- Generated by org.testng.reporters.JUnitReportReporter -->
<testsuite hostname="DESKTOP-8K3BVFP" failures="0" tests="1" name="api.utilities.DataProviderUtility" time="0.016" errors="0" timestamp="2024-12-15T11:04:10 IST" skipped="0">
  <testcase classname="api.utilities.DataProviderUtility" name="test" time="0.016"/>
</testsuite> <!-- api.utilities.DataProviderUtility -->
