<?xml version="1.0" encoding="UTF-8"?>
<!-- Generated by org.testng.reporters.JUnitReportReporter -->
<testsuite hostname="DESKTOP-8K3BVFP" failures="0" tests="4" name="api.tests.UserModuleTestCase" time="3.620" errors="0" timestamp="2024-12-18T09:56:54 IST" skipped="0">
  <testcase classname="api.tests.UserModuleTestCase" name="creatUserTC" time="2.588"/>
  <testcase classname="api.tests.UserModuleTestCase" name="getUserTC" time="0.301"/>
  <testcase classname="api.tests.UserModuleTestCase" name="updateUserTC" time="0.406"/>
  <testcase classname="api.tests.UserModuleTestCase" name="removeUserTC" time="0.325"/>
</testsuite> <!-- api.tests.UserModuleTestCase -->
