<?xml version="1.0" encoding="UTF-8"?>
<!-- Generated by org.testng.reporters.JUnitReportReporter -->
<testsuite hostname="DESKTOP-8K3BVFP" failures="0" tests="4" name="api.tests.UserModuleTestCase" time="5.167" errors="0" timestamp="2024-12-04T17:38:17 IST" skipped="0">
  <testcase classname="api.tests.UserModuleTestCase" name="creatUserTC" time="4.208"/>
  <testcase classname="api.tests.UserModuleTestCase" name="getUserTC" time="0.299"/>
  <testcase classname="api.tests.UserModuleTestCase" name="updateUserTC" time="0.334"/>
  <testcase classname="api.tests.UserModuleTestCase" name="removeUserTC" time="0.326"/>
</testsuite> <!-- api.tests.UserModuleTestCase -->
