<?xml version="1.0" encoding="UTF-8"?>
<!-- Generated by org.testng.reporters.JUnitReportReporter -->
<testsuite hostname="DESKTOP-8K3BVFP" failures="0" tests="4" name="api.tests.UserModuleTestCase" time="20.581" errors="0" timestamp="2024-12-04T18:15:04 IST" skipped="0">
  <testcase classname="api.tests.UserModuleTestCase" name="creatUserTC" time="3.413"/>
  <testcase classname="api.tests.UserModuleTestCase" name="getUserTC" time="1.395"/>
  <testcase classname="api.tests.UserModuleTestCase" name="updateUserTC" time="13.391"/>
  <testcase classname="api.tests.UserModuleTestCase" name="removeUserTC" time="2.382"/>
</testsuite> <!-- api.tests.UserModuleTestCase -->
